<?xml version="1.0" encoding="UTF-8"?>
<!-- Generated by org.testng.reporters.JUnitReportReporter -->
<testsuite hostname="DESKTOP-42ETCJQ" failures="0" tests="5" name="TestNG.invocationcount" time="0.042" errors="0" timestamp="2023-10-18T20:43:04 IST" skipped="0">
  <testcase classname="TestNG.invocationcount" name="tiger" time="0.005">
    <system-out>
      <![CDATA[hi]]>
    </system-out>
  </testcase> <!-- tiger -->
  <testcase classname="TestNG.invocationcount" name="tiger" time="0.012">
    <system-out>
      <![CDATA[hi]]>
    </system-out>
  </testcase> <!-- tiger -->
  <testcase classname="TestNG.invocationcount" name="lion" time="0.015">
    <system-out>
      <![CDATA[hello]]>
    </system-out>
  </testcase> <!-- lion -->
  <testcase classname="TestNG.invocationcount" name="tiger" time="0.007">
    <system-out>
      <![CDATA[hi]]>
    </system-out>
  </testcase> <!-- tiger -->
  <testcase classname="TestNG.invocationcount" name="tiger" time="0.003">
    <system-out>
      <![CDATA[hi]]>
    </system-out>
  </testcase> <!-- tiger -->
  <system-out>
    <![CDATA[hello
hi
hi
hi
hi]]>
  </system-out>
</testsuite> <!-- TestNG.invocationcount -->
