<?xml version="1.0" encoding="UTF-8"?>
<!-- Generated by org.testng.reporters.JUnitReportReporter -->
<testsuite hostname="DESKTOP-42ETCJQ" failures="0" tests="2" name="TestNG.Sample" time="0.013" errors="0" timestamp="2023-10-18T20:30:55 IST" skipped="0">
  <testcase classname="TestNG.Sample" name="ru" time="0.011">
    <system-out>
      <![CDATA[hello]]>
    </system-out>
  </testcase> <!-- ru -->
  <testcase classname="TestNG.Sample" name="run" time="0.002">
    <system-out>
      <![CDATA[Hii]]>
    </system-out>
  </testcase> <!-- run -->
  <system-out>
    <![CDATA[hello
Hii]]>
  </system-out>
</testsuite> <!-- TestNG.Sample -->
