<?xml version="1.0" encoding="UTF-8"?>
<!-- Generated by org.testng.reporters.JUnitReportReporter -->
<testsuite hostname="DESKTOP-42ETCJQ" failures="0" tests="4" name="TestNG.parameterpriority" time="0.032" errors="0" timestamp="2023-10-18T20:38:23 IST" skipped="0">
  <testcase classname="TestNG.parameterpriority" name="lion" time="0.014">
    <system-out>
      <![CDATA[hello]]>
    </system-out>
  </testcase> <!-- lion -->
  <testcase classname="TestNG.parameterpriority" name="tiger" time="0.004">
    <system-out>
      <![CDATA[Hi]]>
    </system-out>
  </testcase> <!-- tiger -->
  <testcase classname="TestNG.parameterpriority" name="dog" time="0.007">
    <system-out>
      <![CDATA[bye]]>
    </system-out>
  </testcase> <!-- dog -->
  <testcase classname="TestNG.parameterpriority" name="cat" time="0.007">
    <system-out>
      <![CDATA[tata]]>
    </system-out>
  </testcase> <!-- cat -->
  <system-out>
    <![CDATA[hello
Hi
bye
tata]]>
  </system-out>
</testsuite> <!-- TestNG.parameterpriority -->
